<?xml version="1.0" encoding="UTF-8"?>
<testng-results ignored="0" total="1" passed="1" failed="0" skipped="0">
  <reporter-output>
  </reporter-output>
  <suite started-at="2022-12-01T11:39:40 IST" name="Default suite" finished-at="2022-12-01T11:40:33 IST" duration-ms="52419">
    <groups>
    </groups>
    <test started-at="2022-12-01T11:39:40 IST" name="Default test" finished-at="2022-12-01T11:40:33 IST" duration-ms="52419">
      <class name="Firstproject.Appium.Miscellanous">
        <test-method is-config="true" signature="ConfigureAppium()[pri:0, instance:Firstproject.Appium.Miscellanous@1b7cc17c]" started-at="2022-12-01T11:39:40 IST" name="ConfigureAppium" finished-at="2022-12-01T11:40:17 IST" duration-ms="36642" status="PASS">
          <reporter-output>
          </reporter-output>
        </test-method> <!-- ConfigureAppium -->
        <test-method signature="Miscellanous()[pri:0, instance:Firstproject.Appium.Miscellanous@1b7cc17c]" started-at="2022-12-01T11:40:17 IST" name="Miscellanous" finished-at="2022-12-01T11:40:32 IST" duration-ms="14824" status="PASS">
          <reporter-output>
          </reporter-output>
        </test-method> <!-- Miscellanous -->
        <test-method is-config="true" signature="tearDown()[pri:0, instance:Firstproject.Appium.Miscellanous@1b7cc17c]" started-at="2022-12-01T11:40:32 IST" name="tearDown" finished-at="2022-12-01T11:40:33 IST" duration-ms="877" status="PASS">
          <reporter-output>
          </reporter-output>
        </test-method> <!-- tearDown -->
      </class> <!-- Firstproject.Appium.Miscellanous -->
    </test> <!-- Default test -->
  </suite> <!-- Default suite -->
</testng-results>
